{"C:\\development\\todo\\src\\components\\todo-list\\todo-list.service.ts": {"path":"C:\\development\\todo\\src\\components\\todo-list\\todo-list.service.ts","statementMap":{"0":{"start":{"line":2,"column":0},"end":{"line":2,"column":67}},"1":{"start":{"line":3,"column":0},"end":{"line":3,"column":41}},"2":{"start":{"line":5,"column":13},"end":{"line":36,"column":1}},"3":{"start":{"line":8,"column":31},"end":{"line":12,"column":9}},"4":{"start":{"line":13,"column":8},"end":{"line":16,"column":11}},"5":{"start":{"line":20,"column":8},"end":{"line":23,"column":10}},"6":{"start":{"line":27,"column":8},"end":{"line":33,"column":10}}},"fnMap":{"0":{"name":"(anonymous_0)","decl":{"start":{"line":7,"column":13},"end":{"line":7,"column":14}},"loc":{"start":{"line":7,"column":31},"end":{"line":17,"column":5}}},"1":{"name":"(anonymous_1)","decl":{"start":{"line":19,"column":16},"end":{"line":19,"column":17}},"loc":{"start":{"line":19,"column":35},"end":{"line":24,"column":5}}},"2":{"name":"(anonymous_2)","decl":{"start":{"line":26,"column":18},"end":{"line":26,"column":19}},"loc":{"start":{"line":26,"column":53},"end":{"line":34,"column":5}}}},"branchMap":{},"s":{"0":1,"1":1,"2":1,"3":1,"4":1,"5":1,"6":1},"f":{"0":1,"1":1,"2":1},"b":{}}
,"C:\\development\\todo\\src\\services\\utilities.service.ts": {"path":"C:\\development\\todo\\src\\services\\utilities.service.ts","statementMap":{"0":{"start":{"line":1,"column":13},"end":{"line":12,"column":1}},"1":{"start":{"line":6,"column":8},"end":{"line":9,"column":12}},"2":{"start":{"line":7,"column":20},"end":{"line":7,"column":42}},"3":{"start":{"line":7,"column":48},"end":{"line":7,"column":78}},"4":{"start":{"line":8,"column":12},"end":{"line":8,"column":34}}},"fnMap":{"0":{"name":"(anonymous_0)","decl":{"start":{"line":5,"column":13},"end":{"line":5,"column":15}},"loc":{"start":{"line":5,"column":18},"end":{"line":10,"column":5}}},"1":{"name":"(anonymous_1)","decl":{"start":{"line":6,"column":71},"end":{"line":6,"column":79}},"loc":{"start":{"line":6,"column":81},"end":{"line":9,"column":11}}}},"branchMap":{"0":{"loc":{"start":{"line":7,"column":59},"end":{"line":7,"column":60}},"type":"cond-expr","locations":[{"start":{"line":7,"column":59},"end":{"line":7,"column":60}},{"start":{"line":7,"column":64},"end":{"line":7,"column":77}}]}},"s":{"0":1,"1":0,"2":0,"3":0,"4":0},"f":{"0":0,"1":0},"b":{"0":[0,0]}}
,"C:\\development\\todo\\src\\state\\reducers.ts": {"path":"C:\\development\\todo\\src\\state\\reducers.ts","statementMap":{"0":{"start":{"line":1,"column":0},"end":{"line":1,"column":43}},"1":{"start":{"line":2,"column":0},"end":{"line":2,"column":48}},"2":{"start":{"line":4,"column":13},"end":{"line":6,"column":4}}},"fnMap":{},"branchMap":{},"s":{"0":1,"1":1,"2":1},"f":{},"b":{}}
,"C:\\development\\todo\\src\\state\\store.ts": {"path":"C:\\development\\todo\\src\\state\\store.ts","statementMap":{"0":{"start":{"line":1,"column":0},"end":{"line":1,"column":35}},"1":{"start":{"line":2,"column":0},"end":{"line":2,"column":37}},"2":{"start":{"line":4,"column":13},"end":{"line":4,"column":43}}},"fnMap":{},"branchMap":{},"s":{"0":1,"1":1,"2":1},"f":{},"b":{}}
,"C:\\development\\todo\\src\\state\\todoReducer.ts": {"path":"C:\\development\\todo\\src\\state\\todoReducer.ts","statementMap":{"0":{"start":{"line":13,"column":2},"end":{"line":33,"column":3}},"1":{"start":{"line":16,"column":6},"end":{"line":16,"column":39}},"2":{"start":{"line":19,"column":6},"end":{"line":21,"column":8}},"3":{"start":{"line":20,"column":8},"end":{"line":20,"column":41}},"4":{"start":{"line":24,"column":6},"end":{"line":29,"column":8}},"5":{"start":{"line":25,"column":8},"end":{"line":27,"column":9}},"6":{"start":{"line":26,"column":10},"end":{"line":26,"column":51}},"7":{"start":{"line":28,"column":8},"end":{"line":28,"column":20}},"8":{"start":{"line":32,"column":6},"end":{"line":32,"column":18}},"9":{"start":{"line":8,"column":0},"end":{"line":34,"column":1}}},"fnMap":{"0":{"name":"todoReducer","decl":{"start":{"line":8,"column":16},"end":{"line":8,"column":27}},"loc":{"start":{"line":10,"column":67},"end":{"line":34,"column":1}}},"1":{"name":"(anonymous_1)","decl":{"start":{"line":19,"column":26},"end":{"line":19,"column":29}},"loc":{"start":{"line":19,"column":33},"end":{"line":21,"column":7}}},"2":{"name":"(anonymous_2)","decl":{"start":{"line":24,"column":23},"end":{"line":24,"column":26}},"loc":{"start":{"line":24,"column":30},"end":{"line":29,"column":7}}}},"branchMap":{"0":{"loc":{"start":{"line":9,"column":27},"end":{"line":9,"column":29}},"type":"default-arg","locations":[{"start":{"line":9,"column":27},"end":{"line":9,"column":29}}]},"1":{"loc":{"start":{"line":15,"column":4},"end":{"line":16,"column":39}},"type":"switch","locations":[{"start":{"line":15,"column":4},"end":{"line":16,"column":39}},{"start":{"line":18,"column":4},"end":{"line":21,"column":8}},{"start":{"line":23,"column":4},"end":{"line":29,"column":8}},{"start":{"line":31,"column":4},"end":{"line":32,"column":18}}]},"2":{"loc":{"start":{"line":25,"column":8},"end":{"line":27,"column":9}},"type":"if","locations":[{"start":{"line":25,"column":8},"end":{"line":27,"column":9}},{"start":{"line":25,"column":8},"end":{"line":27,"column":9}}]}},"s":{"0":3,"1":0,"2":0,"3":0,"4":0,"5":0,"6":0,"7":0,"8":3,"9":1},"f":{"0":3,"1":0,"2":0},"b":{"0":[3],"1":[0,0,0,3],"2":[0,0]}}
}
